16-Sep-2023 11:32:38.005 INFO [main] org.apache.catalina.startup.VersionLoggerListener.log Server version name:   Apache Tomcat/9.0.80
16-Sep-2023 11:32:38.009 INFO [main] org.apache.catalina.startup.VersionLoggerListener.log Server built:          Aug 23 2023 21:59:38 UTC
16-Sep-2023 11:32:38.009 INFO [main] org.apache.catalina.startup.VersionLoggerListener.log Server version number: 9.0.80.0
16-Sep-2023 11:32:38.009 INFO [main] org.apache.catalina.startup.VersionLoggerListener.log OS Name:               Windows 10
16-Sep-2023 11:32:38.009 INFO [main] org.apache.catalina.startup.VersionLoggerListener.log OS Version:            10.0
16-Sep-2023 11:32:38.009 INFO [main] org.apache.catalina.startup.VersionLoggerListener.log Architecture:          amd64
16-Sep-2023 11:32:38.009 INFO [main] org.apache.catalina.startup.VersionLoggerListener.log Java Home:             C:\Program Files\Java\jdk-17
16-Sep-2023 11:32:38.010 INFO [main] org.apache.catalina.startup.VersionLoggerListener.log JVM Version:           17+35-LTS-2724
16-Sep-2023 11:32:38.010 INFO [main] org.apache.catalina.startup.VersionLoggerListener.log JVM Vendor:            Oracle Corporation
16-Sep-2023 11:32:38.010 INFO [main] org.apache.catalina.startup.VersionLoggerListener.log CATALINA_BASE:         C:\Users\richi\.SmartTomcat\thebekarproject\MAVEN
16-Sep-2023 11:32:38.010 INFO [main] org.apache.catalina.startup.VersionLoggerListener.log CATALINA_HOME:         C:\Program Files\Apache Software Foundation\Tomcat 9.0
16-Sep-2023 11:32:38.017 INFO [main] org.apache.catalina.startup.VersionLoggerListener.log Command line argument: --add-opens=java.base/java.lang=ALL-UNNAMED
16-Sep-2023 11:32:38.017 INFO [main] org.apache.catalina.startup.VersionLoggerListener.log Command line argument: --add-opens=java.base/java.io=ALL-UNNAMED
16-Sep-2023 11:32:38.017 INFO [main] org.apache.catalina.startup.VersionLoggerListener.log Command line argument: --add-opens=java.base/java.util=ALL-UNNAMED
16-Sep-2023 11:32:38.018 INFO [main] org.apache.catalina.startup.VersionLoggerListener.log Command line argument: --add-opens=java.base/java.util.concurrent=ALL-UNNAMED
16-Sep-2023 11:32:38.018 INFO [main] org.apache.catalina.startup.VersionLoggerListener.log Command line argument: --add-opens=java.rmi/sun.rmi.transport=ALL-UNNAMED
16-Sep-2023 11:32:38.018 INFO [main] org.apache.catalina.startup.VersionLoggerListener.log Command line argument: -Dcatalina.home=C:\Program Files\Apache Software Foundation\Tomcat 9.0
16-Sep-2023 11:32:38.018 INFO [main] org.apache.catalina.startup.VersionLoggerListener.log Command line argument: -Dcatalina.base=C:\Users\richi\.SmartTomcat\thebekarproject\MAVEN
16-Sep-2023 11:32:38.018 INFO [main] org.apache.catalina.startup.VersionLoggerListener.log Command line argument: -Djava.io.tmpdir=C:\Users\richi\.SmartTomcat\thebekarproject\MAVEN\temp
16-Sep-2023 11:32:38.018 INFO [main] org.apache.catalina.startup.VersionLoggerListener.log Command line argument: -Djava.util.logging.config.file=C:\Users\richi\.SmartTomcat\thebekarproject\MAVEN\conf\logging.properties
16-Sep-2023 11:32:38.018 INFO [main] org.apache.catalina.startup.VersionLoggerListener.log Command line argument: -Djava.util.logging.manager=org.apache.juli.ClassLoaderLogManager
16-Sep-2023 11:32:38.018 INFO [main] org.apache.catalina.startup.VersionLoggerListener.log Command line argument: -javaagent:C:\Program Files\JetBrains\IntelliJ IDEA 2023.2\lib\idea_rt.jar=54086:C:\Program Files\JetBrains\IntelliJ IDEA 2023.2\bin
16-Sep-2023 11:32:38.018 INFO [main] org.apache.catalina.startup.VersionLoggerListener.log Command line argument: -Dfile.encoding=UTF-8
16-Sep-2023 11:32:38.029 INFO [main] org.apache.catalina.core.AprLifecycleListener.lifecycleEvent The Apache Tomcat Native library which allows using OpenSSL was not found on the java.library.path: [C:\Program Files\Java\jdk-17\bin;C:\WINDOWS\Sun\Java\bin;C:\WINDOWS\system32;C:\WINDOWS;F:\apache-maven-3.9.4\bin;C:\Python311\Scripts\;C:\Python311\;C:\Program Files\NVIDIA GPU Computing Toolkit\CUDA\v12.1\bin;C:\Program Files\NVIDIA GPU Computing Toolkit\CUDA\v12.1\libnvvp;C:\Program Files\Microsoft\jdk-11.0.12.7-hotspot\bin;C:\Windows\system32;C:\Windows;C:\Windows\System32\Wbem;C:\Windows\System32\WindowsPowerShell\v1.0\;C:\Windows\System32\OpenSSH\;C:\Program Files (x86)\NVIDIA Corporation\PhysX\Common;C:\Program Files\NVIDIA Corporation\NVIDIA NvDLISR;C:\WINDOWS\system32;C:\WINDOWS;C:\WINDOWS\System32\Wbem;C:\WINDOWS\System32\WindowsPowerShell\v1.0\;C:\WINDOWS\System32\OpenSSH\;C:\Program Files\dotnet\;C:\Program Files\Git\cmd;C:\WINDOWS\system32;C:\WINDOWS;C:\WINDOWS\System32\Wbem;C:\WINDOWS\System32\WindowsPowerShell\v1.0\;C:\WINDOWS\System32\OpenSSH\;C:\Users\richi\AppData\Local\Programs\Python\Python39\Scripts;C:\Program Files\NVIDIA Corporation\Nsight Compute 2023.1.1\;C:\Program Files\nodejs\;C:\ProgramData\chocolatey\bin;C:\Users\richi\AppData\Local\Microsoft\WindowsApps;C:\Users\richi\.dotnet\tools;C:\Users\richi\AppData\Local\Programs\Microsoft VS Code\bin;C:\Users\richi\AppData\Local\GitHubDesktop\bin;C:\Users\richi\AppData\Local\Programs\Python\Python39\Scripts;C:\Users\richi\anaconda3\Scripts;C:\Users\richi\anaconda3;C:\Users\richi\AppData\Roaming\npm;C:\Program Files\JetBrains\IntelliJ IDEA 2023.2\bin;;.]
16-Sep-2023 11:32:38.263 INFO [main] org.apache.coyote.AbstractProtocol.init Initializing ProtocolHandler ["http-nio-8080"]
16-Sep-2023 11:32:38.281 INFO [main] org.apache.catalina.startup.Catalina.load Server initialization in [473] milliseconds
16-Sep-2023 11:32:38.346 INFO [main] org.apache.catalina.core.StandardService.startInternal Starting service [Catalina]
16-Sep-2023 11:32:38.346 INFO [main] org.apache.catalina.core.StandardEngine.startInternal Starting Servlet engine: [Apache Tomcat/9.0.80]
16-Sep-2023 11:32:38.357 INFO [main] org.apache.catalina.startup.HostConfig.deployDescriptor Deploying deployment descriptor [C:\Users\richi\.SmartTomcat\thebekarproject\MAVEN\conf\Catalina\localhost\MAVEN.xml]
16-Sep-2023 11:32:38.675 INFO [main] org.apache.catalina.startup.HostConfig.deployDescriptor Deployment of deployment descriptor [C:\Users\richi\.SmartTomcat\thebekarproject\MAVEN\conf\Catalina\localhost\MAVEN.xml] has finished in [319] ms
16-Sep-2023 11:32:38.680 INFO [main] org.apache.coyote.AbstractProtocol.start Starting ProtocolHandler ["http-nio-8080"]
16-Sep-2023 11:32:38.746 INFO [main] org.apache.catalina.startup.Catalina.start Server startup in [465] milliseconds
16-Sep-2023 19:30:49.330 INFO [Thread-1] org.apache.coyote.AbstractProtocol.pause Pausing ProtocolHandler ["http-nio-8080"]
16-Sep-2023 19:30:49.341 INFO [Thread-1] org.apache.catalina.core.StandardService.stopInternal Stopping service [Catalina]
16-Sep-2023 19:30:49.372 INFO [Thread-1] org.apache.coyote.AbstractProtocol.stop Stopping ProtocolHandler ["http-nio-8080"]
16-Sep-2023 19:30:49.385 INFO [Thread-1] org.apache.coyote.AbstractProtocol.destroy Destroying ProtocolHandler ["http-nio-8080"]
16-Sep-2023 19:30:50.780 INFO [main] org.apache.catalina.startup.VersionLoggerListener.log Server version name:   Apache Tomcat/9.0.80
16-Sep-2023 19:30:50.783 INFO [main] org.apache.catalina.startup.VersionLoggerListener.log Server built:          Aug 23 2023 21:59:38 UTC
16-Sep-2023 19:30:50.783 INFO [main] org.apache.catalina.startup.VersionLoggerListener.log Server version number: 9.0.80.0
16-Sep-2023 19:30:50.783 INFO [main] org.apache.catalina.startup.VersionLoggerListener.log OS Name:               Windows 10
16-Sep-2023 19:30:50.783 INFO [main] org.apache.catalina.startup.VersionLoggerListener.log OS Version:            10.0
16-Sep-2023 19:30:50.783 INFO [main] org.apache.catalina.startup.VersionLoggerListener.log Architecture:          amd64
16-Sep-2023 19:30:50.783 INFO [main] org.apache.catalina.startup.VersionLoggerListener.log Java Home:             C:\Program Files\Java\jdk-17
16-Sep-2023 19:30:50.783 INFO [main] org.apache.catalina.startup.VersionLoggerListener.log JVM Version:           17+35-LTS-2724
16-Sep-2023 19:30:50.783 INFO [main] org.apache.catalina.startup.VersionLoggerListener.log JVM Vendor:            Oracle Corporation
16-Sep-2023 19:30:50.783 INFO [main] org.apache.catalina.startup.VersionLoggerListener.log CATALINA_BASE:         C:\Users\richi\.SmartTomcat\thebekarproject\MAVEN
16-Sep-2023 19:30:50.783 INFO [main] org.apache.catalina.startup.VersionLoggerListener.log CATALINA_HOME:         C:\Program Files\Apache Software Foundation\Tomcat 9.0
16-Sep-2023 19:30:50.792 INFO [main] org.apache.catalina.startup.VersionLoggerListener.log Command line argument: --add-opens=java.base/java.lang=ALL-UNNAMED
16-Sep-2023 19:30:50.792 INFO [main] org.apache.catalina.startup.VersionLoggerListener.log Command line argument: --add-opens=java.base/java.io=ALL-UNNAMED
16-Sep-2023 19:30:50.792 INFO [main] org.apache.catalina.startup.VersionLoggerListener.log Command line argument: --add-opens=java.base/java.util=ALL-UNNAMED
16-Sep-2023 19:30:50.792 INFO [main] org.apache.catalina.startup.VersionLoggerListener.log Command line argument: --add-opens=java.base/java.util.concurrent=ALL-UNNAMED
16-Sep-2023 19:30:50.792 INFO [main] org.apache.catalina.startup.VersionLoggerListener.log Command line argument: --add-opens=java.rmi/sun.rmi.transport=ALL-UNNAMED
16-Sep-2023 19:30:50.793 INFO [main] org.apache.catalina.startup.VersionLoggerListener.log Command line argument: -Dcatalina.home=C:\Program Files\Apache Software Foundation\Tomcat 9.0
16-Sep-2023 19:30:50.793 INFO [main] org.apache.catalina.startup.VersionLoggerListener.log Command line argument: -Dcatalina.base=C:\Users\richi\.SmartTomcat\thebekarproject\MAVEN
16-Sep-2023 19:30:50.793 INFO [main] org.apache.catalina.startup.VersionLoggerListener.log Command line argument: -Djava.io.tmpdir=C:\Users\richi\.SmartTomcat\thebekarproject\MAVEN\temp
16-Sep-2023 19:30:50.793 INFO [main] org.apache.catalina.startup.VersionLoggerListener.log Command line argument: -Djava.util.logging.config.file=C:\Users\richi\.SmartTomcat\thebekarproject\MAVEN\conf\logging.properties
16-Sep-2023 19:30:50.793 INFO [main] org.apache.catalina.startup.VersionLoggerListener.log Command line argument: -Djava.util.logging.manager=org.apache.juli.ClassLoaderLogManager
16-Sep-2023 19:30:50.793 INFO [main] org.apache.catalina.startup.VersionLoggerListener.log Command line argument: -javaagent:C:\Program Files\JetBrains\IntelliJ IDEA 2023.2\lib\idea_rt.jar=60775:C:\Program Files\JetBrains\IntelliJ IDEA 2023.2\bin
16-Sep-2023 19:30:50.793 INFO [main] org.apache.catalina.startup.VersionLoggerListener.log Command line argument: -Dfile.encoding=UTF-8
16-Sep-2023 19:30:50.800 INFO [main] org.apache.catalina.core.AprLifecycleListener.lifecycleEvent The Apache Tomcat Native library which allows using OpenSSL was not found on the java.library.path: [C:\Program Files\Java\jdk-17\bin;C:\WINDOWS\Sun\Java\bin;C:\WINDOWS\system32;C:\WINDOWS;F:\apache-maven-3.9.4\bin;C:\Python311\Scripts\;C:\Python311\;C:\Program Files\NVIDIA GPU Computing Toolkit\CUDA\v12.1\bin;C:\Program Files\NVIDIA GPU Computing Toolkit\CUDA\v12.1\libnvvp;C:\Program Files\Microsoft\jdk-11.0.12.7-hotspot\bin;C:\Windows\system32;C:\Windows;C:\Windows\System32\Wbem;C:\Windows\System32\WindowsPowerShell\v1.0\;C:\Windows\System32\OpenSSH\;C:\Program Files (x86)\NVIDIA Corporation\PhysX\Common;C:\Program Files\NVIDIA Corporation\NVIDIA NvDLISR;C:\WINDOWS\system32;C:\WINDOWS;C:\WINDOWS\System32\Wbem;C:\WINDOWS\System32\WindowsPowerShell\v1.0\;C:\WINDOWS\System32\OpenSSH\;C:\Program Files\dotnet\;C:\Program Files\Git\cmd;C:\WINDOWS\system32;C:\WINDOWS;C:\WINDOWS\System32\Wbem;C:\WINDOWS\System32\WindowsPowerShell\v1.0\;C:\WINDOWS\System32\OpenSSH\;C:\Users\richi\AppData\Local\Programs\Python\Python39\Scripts;C:\Program Files\NVIDIA Corporation\Nsight Compute 2023.1.1\;C:\Program Files\nodejs\;C:\ProgramData\chocolatey\bin;C:\Users\richi\AppData\Local\Microsoft\WindowsApps;C:\Users\richi\.dotnet\tools;C:\Users\richi\AppData\Local\Programs\Microsoft VS Code\bin;C:\Users\richi\AppData\Local\GitHubDesktop\bin;C:\Users\richi\AppData\Local\Programs\Python\Python39\Scripts;C:\Users\richi\anaconda3\Scripts;C:\Users\richi\anaconda3;C:\Users\richi\AppData\Roaming\npm;C:\Program Files\JetBrains\IntelliJ IDEA 2023.2\bin;;.]
16-Sep-2023 19:30:51.022 INFO [main] org.apache.coyote.AbstractProtocol.init Initializing ProtocolHandler ["http-nio-8080"]
16-Sep-2023 19:30:51.040 INFO [main] org.apache.catalina.startup.Catalina.load Server initialization in [413] milliseconds
16-Sep-2023 19:30:51.092 INFO [main] org.apache.catalina.core.StandardService.startInternal Starting service [Catalina]
16-Sep-2023 19:30:51.092 INFO [main] org.apache.catalina.core.StandardEngine.startInternal Starting Servlet engine: [Apache Tomcat/9.0.80]
16-Sep-2023 19:30:51.100 INFO [main] org.apache.catalina.startup.HostConfig.deployDescriptor Deploying deployment descriptor [C:\Users\richi\.SmartTomcat\thebekarproject\MAVEN\conf\Catalina\localhost\MAVEN.xml]
16-Sep-2023 19:30:51.411 INFO [main] org.apache.catalina.startup.HostConfig.deployDescriptor Deployment of deployment descriptor [C:\Users\richi\.SmartTomcat\thebekarproject\MAVEN\conf\Catalina\localhost\MAVEN.xml] has finished in [311] ms
16-Sep-2023 19:30:51.414 INFO [main] org.apache.coyote.AbstractProtocol.start Starting ProtocolHandler ["http-nio-8080"]
16-Sep-2023 19:30:51.476 INFO [main] org.apache.catalina.startup.Catalina.start Server startup in [436] milliseconds
